# JRE version: OpenJDK Runtime Environment Temurin-17.0.6+10 (17.0.6+10) (build 17.0.6+10)
# Java VM: OpenJDK 64-Bit Server VM Temurin-17.0.6+10 (17.0.6+10, mixed mode, emulated-client, tiered, compressed oops, compressed class ptrs, g1 gc, windows-amd64)
GC Precious Log:
 CPUs: 4 total, 4 available
 Memory: 8014M
 Large Page Support: Disabled
 NUMA Support: Disabled
 Compressed Oops: Enabled (32-bit)
 Heap Region Size: 1M
 Heap Min Capacity: 8M
 Heap Initial Capacity: 126M
 Heap Max Capacity: 1G
 Pre-touch: Disabled
 Parallel Workers: 4
 Concurrent Workers: 1
 Concurrent Refinement Workers: 4
 Periodic GC: Disabled
Heap:
 garbage-first heap   total 122880K, used 36036K [0x00000000c0000000, 0x0000000100000000)
  region size 1024K, 1 young (1024K), 0 survivors (0K)
 Metaspace       used 58815K, committed 59328K, reserved 1105920K
  class space    used 7330K, committed 7552K, reserved 1048576K
GC Heap History (20 events):
Event: 2614.548 GC heap before
{Heap before GC invocations=210 (full 153):
 garbage-first heap   total 122880K, used 36036K [0x00000000c0000000, 0x0000000100000000)
  region size 1024K, 1 young (1024K), 0 survivors (0K)
 Metaspace       used 58815K, committed 59328K, reserved 1105920K
  class space    used 7330K, committed 7552K, reserved 1048576K
}
Event: 2614.596 GC heap after
{Heap after GC invocations=211 (full 154):
 garbage-first heap   total 122880K, used 36036K [0x00000000c0000000, 0x0000000100000000)
  region size 1024K, 0 young (0K), 0 survivors (0K)
 Metaspace       used 58815K, committed 59328K, reserved 1105920K
  class space    used 7330K, committed 7552K, reserved 1048576K
}
Event: 2625.315 GC heap before
{Heap before GC invocations=211 (full 154):
 garbage-first heap   total 122880K, used 36036K [0x00000000c0000000, 0x0000000100000000)
  region size 1024K, 1 young (1024K), 0 survivors (0K)
 Metaspace       used 58815K, committed 59328K, reserved 1105920K
  class space    used 7330K, committed 7552K, reserved 1048576K
}
Event: 2625.404 GC heap after
{Heap after GC invocations=212 (full 155):
 garbage-first heap   total 122880K, used 36036K [0x00000000c0000000, 0x0000000100000000)
  region size 1024K, 0 young (0K), 0 survivors (0K)
 Metaspace       used 58815K, committed 59328K, reserved 1105920K
  class space    used 7330K, committed 7552K, reserved 1048576K
}
Event: 2636.474 GC heap before
{Heap before GC invocations=212 (full 155):
 garbage-first heap   total 122880K, used 36036K [0x00000000c0000000, 0x0000000100000000)
  region size 1024K, 1 young (1024K), 0 survivors (0K)
 Metaspace       used 58815K, committed 59328K, reserved 1105920K
  class space    used 7330K, committed 7552K, reserved 1048576K
}
Event: 2636.557 GC heap after
{Heap after GC invocations=213 (full 156):
 garbage-first heap   total 122880K, used 36036K [0x00000000c0000000, 0x0000000100000000)
  region size 1024K, 0 young (0K), 0 survivors (0K)
 Metaspace       used 58815K, committed 59328K, reserved 1105920K
  class space    used 7330K, committed 7552K, reserved 1048576K
}
Event: 2647.515 GC heap before
{Heap before GC invocations=213 (full 156):
 garbage-first heap   total 122880K, used 36036K [0x00000000c0000000, 0x0000000100000000)
  region size 1024K, 1 young (1024K), 0 survivors (0K)
 Metaspace       used 58815K, committed 59328K, reserved 1105920K
  class space    used 7330K, committed 7552K, reserved 1048576K
}
Event: 2647.590 GC heap after
{Heap after GC invocations=214 (full 157):
 garbage-first heap   total 122880K, used 36036K [0x00000000c0000000, 0x0000000100000000)
  region size 1024K, 0 young (0K), 0 survivors (0K)
 Metaspace       used 58815K, committed 59328K, reserved 1105920K
  class space    used 7330K, committed 7552K, reserved 1048576K
}
Event: 2658.513 GC heap before
{Heap before GC invocations=214 (full 157):
 garbage-first heap   total 122880K, used 36036K [0x00000000c0000000, 0x0000000100000000)
  region size 1024K, 1 young (1024K), 0 survivors (0K)
 Metaspace       used 58815K, committed 59328K, reserved 1105920K
  class space    used 7330K, committed 7552K, reserved 1048576K
}
Event: 2658.574 GC heap after
{Heap after GC invocations=215 (full 158):
 garbage-first heap   total 122880K, used 36036K [0x00000000c0000000, 0x0000000100000000)
  region size 1024K, 0 young (0K), 0 survivors (0K)
 Metaspace       used 58815K, committed 59328K, reserved 1105920K
  class space    used 7330K, committed 7552K, reserved 1048576K
}
Event: 2669.079 GC heap before
{Heap before GC invocations=215 (full 158):
 garbage-first heap   total 122880K, used 36036K [0x00000000c0000000, 0x0000000100000000)
  region size 1024K, 1 young (1024K), 0 survivors (0K)
 Metaspace       used 58815K, committed 59328K, reserved 1105920K
  class space    used 7330K, committed 7552K, reserved 1048576K
}
Event: 2669.132 GC heap after
{Heap after GC invocations=216 (full 159):
 garbage-first heap   total 122880K, used 36036K [0x00000000c0000000, 0x0000000100000000)
  region size 1024K, 0 young (0K), 0 survivors (0K)
 Metaspace       used 58815K, committed 59328K, reserved 1105920K
  class space    used 7330K, committed 7552K, reserved 1048576K
}
Event: 2679.515 GC heap before
{Heap before GC invocations=216 (full 159):
 garbage-first heap   total 122880K, used 36036K [0x00000000c0000000, 0x0000000100000000)
  region size 1024K, 1 young (1024K), 0 survivors (0K)
 Metaspace       used 58815K, committed 59328K, reserved 1105920K
  class space    used 7330K, committed 7552K, reserved 1048576K
}
Event: 2679.544 GC heap after
{Heap after GC invocations=217 (full 160):
 garbage-first heap   total 122880K, used 36036K [0x00000000c0000000, 0x0000000100000000)
  region size 1024K, 0 young (0K), 0 survivors (0K)
 Metaspace       used 58815K, committed 59328K, reserved 1105920K
  class space    used 7330K, committed 7552K, reserved 1048576K
}
Event: 2689.772 GC heap before
{Heap before GC invocations=217 (full 160):
 garbage-first heap   total 122880K, used 36036K [0x00000000c0000000, 0x0000000100000000)
  region size 1024K, 1 young (1024K), 0 survivors (0K)
 Metaspace       used 58815K, committed 59328K, reserved 1105920K
  class space    used 7330K, committed 7552K, reserved 1048576K
}
Event: 2689.812 GC heap after
{Heap after GC invocations=218 (full 161):
 garbage-first heap   total 122880K, used 36036K [0x00000000c0000000, 0x0000000100000000)
  region size 1024K, 0 young (0K), 0 survivors (0K)
 Metaspace       used 58815K, committed 59328K, reserved 1105920K
  class space    used 7330K, committed 7552K, reserved 1048576K
}
Event: 2700.292 GC heap before
{Heap before GC invocations=218 (full 161):
 garbage-first heap   total 122880K, used 36036K [0x00000000c0000000, 0x0000000100000000)
  region size 1024K, 1 young (1024K), 0 survivors (0K)
 Metaspace       used 58815K, committed 59328K, reserved 1105920K
  class space    used 7330K, committed 7552K, reserved 1048576K
}
Event: 2700.322 GC heap after
{Heap after GC invocations=219 (full 162):
 garbage-first heap   total 122880K, used 36036K [0x00000000c0000000, 0x0000000100000000)
  region size 1024K, 0 young (0K), 0 survivors (0K)
 Metaspace       used 58815K, committed 59328K, reserved 1105920K
  class space    used 7330K, committed 7552K, reserved 1048576K
}
Event: 2710.748 GC heap before
{Heap before GC invocations=219 (full 162):
 garbage-first heap   total 122880K, used 36036K [0x00000000c0000000, 0x0000000100000000)
  region size 1024K, 1 young (1024K), 0 survivors (0K)
 Metaspace       used 58815K, committed 59328K, reserved 1105920K
  class space    used 7330K, committed 7552K, reserved 1048576K
}
Event: 2710.786 GC heap after
{Heap after GC invocations=220 (full 163):
 garbage-first heap   total 122880K, used 36036K [0x00000000c0000000, 0x0000000100000000)
  region size 1024K, 0 young (0K), 0 survivors (0K)
 Metaspace       used 58815K, committed 59328K, reserved 1105920K
  class space    used 7330K, committed 7552K, reserved 1048576K
}

