# JRE version: OpenJDK Runtime Environment Temurin-17.0.6+10 (17.0.6+10) (build 17.0.6+10)
# Java VM: OpenJDK 64-Bit Server VM Temurin-17.0.6+10 (17.0.6+10, mixed mode, emulated-client, tiered, compressed oops, compressed class ptrs, g1 gc, windows-amd64)
GC Precious Log:
 CPUs: 4 total, 4 available
 Memory: 8014M
 Large Page Support: Disabled
 NUMA Support: Disabled
 Compressed Oops: Enabled (32-bit)
 Heap Region Size: 1M
 Heap Min Capacity: 8M
 Heap Initial Capacity: 126M
 Heap Max Capacity: 1G
 Pre-touch: Disabled
 Parallel Workers: 4
 Concurrent Workers: 1
 Concurrent Refinement Workers: 4
 Periodic GC: Disabled
Heap:
 garbage-first heap   total 71680K, used 22321K [0x00000000c0000000, 0x0000000100000000)
  region size 1024K, 1 young (1024K), 0 survivors (0K)
 Metaspace       used 38382K, committed 38912K, reserved 1089536K
  class space    used 5041K, committed 5248K, reserved 1048576K
GC Heap History (20 events):
Event: 2158.781 GC heap before
{Heap before GC invocations=208 (full 199):
 garbage-first heap   total 71680K, used 22321K [0x00000000c0000000, 0x0000000100000000)
  region size 1024K, 1 young (1024K), 0 survivors (0K)
 Metaspace       used 38382K, committed 38912K, reserved 1089536K
  class space    used 5041K, committed 5248K, reserved 1048576K
}
Event: 2158.820 GC heap after
{Heap after GC invocations=209 (full 200):
 garbage-first heap   total 71680K, used 22321K [0x00000000c0000000, 0x0000000100000000)
  region size 1024K, 0 young (0K), 0 survivors (0K)
 Metaspace       used 38382K, committed 38912K, reserved 1089536K
  class space    used 5041K, committed 5248K, reserved 1048576K
}
Event: 2169.405 GC heap before
{Heap before GC invocations=209 (full 200):
 garbage-first heap   total 71680K, used 22321K [0x00000000c0000000, 0x0000000100000000)
  region size 1024K, 1 young (1024K), 0 survivors (0K)
 Metaspace       used 38382K, committed 38912K, reserved 1089536K
  class space    used 5041K, committed 5248K, reserved 1048576K
}
Event: 2169.445 GC heap after
{Heap after GC invocations=210 (full 201):
 garbage-first heap   total 71680K, used 22321K [0x00000000c0000000, 0x0000000100000000)
  region size 1024K, 0 young (0K), 0 survivors (0K)
 Metaspace       used 38382K, committed 38912K, reserved 1089536K
  class space    used 5041K, committed 5248K, reserved 1048576K
}
Event: 2179.841 GC heap before
{Heap before GC invocations=210 (full 201):
 garbage-first heap   total 71680K, used 22321K [0x00000000c0000000, 0x0000000100000000)
  region size 1024K, 1 young (1024K), 0 survivors (0K)
 Metaspace       used 38382K, committed 38912K, reserved 1089536K
  class space    used 5041K, committed 5248K, reserved 1048576K
}
Event: 2179.875 GC heap after
{Heap after GC invocations=211 (full 202):
 garbage-first heap   total 71680K, used 22321K [0x00000000c0000000, 0x0000000100000000)
  region size 1024K, 0 young (0K), 0 survivors (0K)
 Metaspace       used 38382K, committed 38912K, reserved 1089536K
  class space    used 5041K, committed 5248K, reserved 1048576K
}
Event: 2190.400 GC heap before
{Heap before GC invocations=211 (full 202):
 garbage-first heap   total 71680K, used 22321K [0x00000000c0000000, 0x0000000100000000)
  region size 1024K, 1 young (1024K), 0 survivors (0K)
 Metaspace       used 38382K, committed 38912K, reserved 1089536K
  class space    used 5041K, committed 5248K, reserved 1048576K
}
Event: 2190.439 GC heap after
{Heap after GC invocations=212 (full 203):
 garbage-first heap   total 71680K, used 22321K [0x00000000c0000000, 0x0000000100000000)
  region size 1024K, 0 young (0K), 0 survivors (0K)
 Metaspace       used 38382K, committed 38912K, reserved 1089536K
  class space    used 5041K, committed 5248K, reserved 1048576K
}
Event: 2201.829 GC heap before
{Heap before GC invocations=212 (full 203):
 garbage-first heap   total 71680K, used 22321K [0x00000000c0000000, 0x0000000100000000)
  region size 1024K, 1 young (1024K), 0 survivors (0K)
 Metaspace       used 38382K, committed 38912K, reserved 1089536K
  class space    used 5041K, committed 5248K, reserved 1048576K
}
Event: 2201.871 GC heap after
{Heap after GC invocations=213 (full 204):
 garbage-first heap   total 71680K, used 22321K [0x00000000c0000000, 0x0000000100000000)
  region size 1024K, 0 young (0K), 0 survivors (0K)
 Metaspace       used 38382K, committed 38912K, reserved 1089536K
  class space    used 5041K, committed 5248K, reserved 1048576K
}
Event: 2213.505 GC heap before
{Heap before GC invocations=213 (full 204):
 garbage-first heap   total 71680K, used 22321K [0x00000000c0000000, 0x0000000100000000)
  region size 1024K, 1 young (1024K), 0 survivors (0K)
 Metaspace       used 38382K, committed 38912K, reserved 1089536K
  class space    used 5041K, committed 5248K, reserved 1048576K
}
Event: 2213.543 GC heap after
{Heap after GC invocations=214 (full 205):
 garbage-first heap   total 71680K, used 22321K [0x00000000c0000000, 0x0000000100000000)
  region size 1024K, 0 young (0K), 0 survivors (0K)
 Metaspace       used 38382K, committed 38912K, reserved 1089536K
  class space    used 5041K, committed 5248K, reserved 1048576K
}
Event: 2224.246 GC heap before
{Heap before GC invocations=214 (full 205):
 garbage-first heap   total 71680K, used 22321K [0x00000000c0000000, 0x0000000100000000)
  region size 1024K, 1 young (1024K), 0 survivors (0K)
 Metaspace       used 38382K, committed 38912K, reserved 1089536K
  class space    used 5041K, committed 5248K, reserved 1048576K
}
Event: 2224.284 GC heap after
{Heap after GC invocations=215 (full 206):
 garbage-first heap   total 71680K, used 22321K [0x00000000c0000000, 0x0000000100000000)
  region size 1024K, 0 young (0K), 0 survivors (0K)
 Metaspace       used 38382K, committed 38912K, reserved 1089536K
  class space    used 5041K, committed 5248K, reserved 1048576K
}
Event: 2234.645 GC heap before
{Heap before GC invocations=215 (full 206):
 garbage-first heap   total 71680K, used 22321K [0x00000000c0000000, 0x0000000100000000)
  region size 1024K, 1 young (1024K), 0 survivors (0K)
 Metaspace       used 38382K, committed 38912K, reserved 1089536K
  class space    used 5041K, committed 5248K, reserved 1048576K
}
Event: 2234.677 GC heap after
{Heap after GC invocations=216 (full 207):
 garbage-first heap   total 71680K, used 22321K [0x00000000c0000000, 0x0000000100000000)
  region size 1024K, 0 young (0K), 0 survivors (0K)
 Metaspace       used 38382K, committed 38912K, reserved 1089536K
  class space    used 5041K, committed 5248K, reserved 1048576K
}
Event: 2245.101 GC heap before
{Heap before GC invocations=216 (full 207):
 garbage-first heap   total 71680K, used 22321K [0x00000000c0000000, 0x0000000100000000)
  region size 1024K, 1 young (1024K), 0 survivors (0K)
 Metaspace       used 38382K, committed 38912K, reserved 1089536K
  class space    used 5041K, committed 5248K, reserved 1048576K
}
Event: 2245.140 GC heap after
{Heap after GC invocations=217 (full 208):
 garbage-first heap   total 71680K, used 22321K [0x00000000c0000000, 0x0000000100000000)
  region size 1024K, 0 young (0K), 0 survivors (0K)
 Metaspace       used 38382K, committed 38912K, reserved 1089536K
  class space    used 5041K, committed 5248K, reserved 1048576K
}
Event: 2256.027 GC heap before
{Heap before GC invocations=217 (full 208):
 garbage-first heap   total 71680K, used 22321K [0x00000000c0000000, 0x0000000100000000)
  region size 1024K, 1 young (1024K), 0 survivors (0K)
 Metaspace       used 38382K, committed 38912K, reserved 1089536K
  class space    used 5041K, committed 5248K, reserved 1048576K
}
Event: 2256.064 GC heap after
{Heap after GC invocations=218 (full 209):
 garbage-first heap   total 71680K, used 22321K [0x00000000c0000000, 0x0000000100000000)
  region size 1024K, 0 young (0K), 0 survivors (0K)
 Metaspace       used 38382K, committed 38912K, reserved 1089536K
  class space    used 5041K, committed 5248K, reserved 1048576K
}

